<?xml version="1.0" encoding="UTF-8"?>
<!-- Generated by org.testng.reporters.JUnitReportReporter -->
<testsuite hostname="DESKTOP-OJU0P6V" failures="0" tests="6" name="com.qa.tests.IDX_ADSEF" time="36.347" errors="0" timestamp="2024-03-04T10:46:24 IST" skipped="0">
  <testcase classname="com.qa.tests.IDX_ADSEF" name="Credentilas" time="11.377"/>
  <system-out/>
  <testcase classname="com.qa.tests.IDX_ADSEF" name="SearchReasonByClient" time="3.430"/>
  <system-out/>
  <testcase classname="com.qa.tests.IDX_ADSEF" name="Searchreasonbyinputparameter" time="3.478"/>
  <system-out/>
  <testcase classname="com.qa.tests.IDX_ADSEF" name="CitizenSearch" time="15.057"/>
  <system-out/>
  <testcase classname="com.qa.tests.IDX_ADSEF" name="CitizenDetails" time="1.718"/>
  <system-out/>
  <testcase classname="com.qa.tests.IDX_ADSEF" name="CitizenRetryAgency" time="1.287"/>
  <system-out/>
</testsuite> <!-- com.qa.tests.IDX_ADSEF -->
